{"/Users/chenlei/Desktop/ai-股市操盘手 (2)/server/src/controllers/adminController.ts": {"path":"/Users/chenlei/Desktop/ai-股市操盘手 (2)/server/src/controllers/adminController.ts","statementMap":{"0":{"start":{"line":2,"column":0},"end":{"line":2,"column":30}},"1":{"start":{"line":3,"column":0},"end":{"line":3,"column":24}},"2":{"start":{"line":4,"column":0},"end":{"line":4,"column":33}},"3":{"start":{"line":6,"column":28},"end":{"line":11,"column":2}},"4":{"start":{"line":13,"column":29},"end":{"line":63,"column":1}},"5":{"start":{"line":14,"column":2},"end":{"line":62,"column":3}},"6":{"start":{"line":15,"column":52},"end":{"line":15,"column":87}},"7":{"start":{"line":17,"column":25},"end":{"line":19,"column":6}},"8":{"start":{"line":21,"column":4},"end":{"line":23,"column":5}},"9":{"start":{"line":22,"column":6},"end":{"line":22,"column":55}},"10":{"start":{"line":25,"column":4},"end":{"line":33,"column":5}},"11":{"start":{"line":26,"column":28},"end":{"line":29,"column":8}},"12":{"start":{"line":30,"column":6},"end":{"line":32,"column":7}},"13":{"start":{"line":31,"column":8},"end":{"line":31,"column":56}},"14":{"start":{"line":35,"column":27},"end":{"line":35,"column":58}},"15":{"start":{"line":37,"column":17},"end":{"line":46,"column":6}},"16":{"start":{"line":48,"column":4},"end":{"line":55,"column":7}},"17":{"start":{"line":57,"column":4},"end":{"line":59,"column":5}},"18":{"start":{"line":58,"column":6},"end":{"line":58,"column":55}},"19":{"start":{"line":60,"column":4},"end":{"line":60,"column":25}},"20":{"start":{"line":61,"column":4},"end":{"line":61,"column":48}},"21":{"start":{"line":13,"column":13},"end":{"line":13,"column":29}}},"fnMap":{"0":{"name":"(anonymous_1)","decl":{"start":{"line":13,"column":29},"end":{"line":13,"column":34}},"loc":{"start":{"line":13,"column":67},"end":{"line":63,"column":1}}}},"branchMap":{"0":{"loc":{"start":{"line":21,"column":4},"end":{"line":23,"column":5}},"type":"if","locations":[{"start":{"line":21,"column":4},"end":{"line":23,"column":5}}]},"1":{"loc":{"start":{"line":25,"column":4},"end":{"line":33,"column":5}},"type":"if","locations":[{"start":{"line":25,"column":4},"end":{"line":33,"column":5}}]},"2":{"loc":{"start":{"line":30,"column":6},"end":{"line":32,"column":7}},"type":"if","locations":[{"start":{"line":30,"column":6},"end":{"line":32,"column":7}}]},"3":{"loc":{"start":{"line":43,"column":18},"end":{"line":43,"column":51}},"type":"binary-expr","locations":[{"start":{"line":43,"column":18},"end":{"line":43,"column":26}},{"start":{"line":43,"column":30},"end":{"line":43,"column":51}}]},"4":{"loc":{"start":{"line":57,"column":4},"end":{"line":59,"column":5}},"type":"if","locations":[{"start":{"line":57,"column":4},"end":{"line":59,"column":5}}]}},"s":{"0":2,"1":2,"2":2,"3":2,"4":2,"5":7,"6":7,"7":6,"8":5,"9":1,"10":4,"11":2,"12":2,"13":1,"14":3,"15":3,"16":3,"17":2,"18":1,"19":1,"20":1,"21":2},"f":{"0":7},"b":{"0":[1],"1":[2],"2":[1],"3":[3,1],"4":[1]}}
,"/Users/chenlei/Desktop/ai-股市操盘手 (2)/server/src/controllers/aiController.ts": {"path":"/Users/chenlei/Desktop/ai-股市操盘手 (2)/server/src/controllers/aiController.ts","statementMap":{"0":{"start":{"line":2,"column":0},"end":{"line":2,"column":24}},"1":{"start":{"line":3,"column":0},"end":{"line":3,"column":53}},"2":{"start":{"line":6,"column":27},"end":{"line":9,"column":2}},"3":{"start":{"line":11,"column":29},"end":{"line":23,"column":2}},"4":{"start":{"line":21,"column":21},"end":{"line":21,"column":71}},"5":{"start":{"line":25,"column":28},"end":{"line":104,"column":1}},"6":{"start":{"line":26,"column":2},"end":{"line":103,"column":3}},"7":{"start":{"line":27,"column":26},"end":{"line":27,"column":60}},"8":{"start":{"line":28,"column":36},"end":{"line":28,"column":49}},"9":{"start":{"line":29,"column":22},"end":{"line":29,"column":36}},"10":{"start":{"line":31,"column":25},"end":{"line":47,"column":3}},"11":{"start":{"line":49,"column":19},"end":{"line":65,"column":4}},"12":{"start":{"line":67,"column":21},"end":{"line":67,"column":71}},"13":{"start":{"line":69,"column":18},"end":{"line":69,"column":34}},"14":{"start":{"line":71,"column":4},"end":{"line":71,"column":93}},"15":{"start":{"line":74,"column":4},"end":{"line":89,"column":5}},"16":{"start":{"line":75,"column":6},"end":{"line":75,"column":37}},"17":{"start":{"line":78,"column":6},"end":{"line":88,"column":8}},"18":{"start":{"line":91,"column":4},"end":{"line":91,"column":23}},"19":{"start":{"line":93,"column":4},"end":{"line":101,"column":5}},"20":{"start":{"line":94,"column":6},"end":{"line":100,"column":9}},"21":{"start":{"line":96,"column":42},"end":{"line":99,"column":10}},"22":{"start":{"line":102,"column":4},"end":{"line":102,"column":52}},"23":{"start":{"line":25,"column":13},"end":{"line":25,"column":28}},"24":{"start":{"line":106,"column":30},"end":{"line":162,"column":1}},"25":{"start":{"line":107,"column":2},"end":{"line":161,"column":3}},"26":{"start":{"line":108,"column":26},"end":{"line":108,"column":62}},"27":{"start":{"line":109,"column":24},"end":{"line":109,"column":37}},"28":{"start":{"line":110,"column":22},"end":{"line":110,"column":36}},"29":{"start":{"line":112,"column":25},"end":{"line":121,"column":3}},"30":{"start":{"line":123,"column":19},"end":{"line":127,"column":6}},"31":{"start":{"line":129,"column":21},"end":{"line":129,"column":71}},"32":{"start":{"line":131,"column":18},"end":{"line":131,"column":34}},"33":{"start":{"line":132,"column":4},"end":{"line":132,"column":93}},"34":{"start":{"line":135,"column":4},"end":{"line":146,"column":5}},"35":{"start":{"line":136,"column":6},"end":{"line":136,"column":39}},"36":{"start":{"line":138,"column":6},"end":{"line":138,"column":68}},"37":{"start":{"line":139,"column":6},"end":{"line":145,"column":8}},"38":{"start":{"line":148,"column":4},"end":{"line":148,"column":25}},"39":{"start":{"line":150,"column":4},"end":{"line":158,"column":5}},"40":{"start":{"line":151,"column":6},"end":{"line":157,"column":9}},"41":{"start":{"line":153,"column":42},"end":{"line":156,"column":10}},"42":{"start":{"line":159,"column":4},"end":{"line":159,"column":56}},"43":{"start":{"line":160,"column":4},"end":{"line":160,"column":46}},"44":{"start":{"line":106,"column":13},"end":{"line":106,"column":30}}},"fnMap":{"0":{"name":"(anonymous_0)","decl":{"start":{"line":21,"column":14},"end":{"line":21,"column":17}},"loc":{"start":{"line":21,"column":21},"end":{"line":21,"column":71}}},"1":{"name":"(anonymous_1)","decl":{"start":{"line":25,"column":28},"end":{"line":25,"column":33}},"loc":{"start":{"line":25,"column":66},"end":{"line":104,"column":1}}},"2":{"name":"(anonymous_2)","decl":{"start":{"line":96,"column":34},"end":{"line":96,"column":37}},"loc":{"start":{"line":96,"column":42},"end":{"line":99,"column":10}}},"3":{"name":"(anonymous_3)","decl":{"start":{"line":106,"column":30},"end":{"line":106,"column":35}},"loc":{"start":{"line":106,"column":68},"end":{"line":162,"column":1}}},"4":{"name":"(anonymous_4)","decl":{"start":{"line":153,"column":34},"end":{"line":153,"column":37}},"loc":{"start":{"line":153,"column":42},"end":{"line":156,"column":10}}}},"branchMap":{"0":{"loc":{"start":{"line":51,"column":12},"end":{"line":51,"column":26}},"type":"binary-expr","locations":[{"start":{"line":51,"column":12},"end":{"line":51,"column":17}},{"start":{"line":51,"column":21},"end":{"line":51,"column":26}}]},"1":{"loc":{"start":{"line":52,"column":13},"end":{"line":52,"column":35}},"type":"binary-expr","locations":[{"start":{"line":52,"column":13},"end":{"line":52,"column":25}},{"start":{"line":52,"column":29},"end":{"line":52,"column":35}}]},"2":{"loc":{"start":{"line":93,"column":4},"end":{"line":101,"column":5}},"type":"if","locations":[{"start":{"line":93,"column":4},"end":{"line":101,"column":5}}]},"3":{"loc":{"start":{"line":150,"column":4},"end":{"line":158,"column":5}},"type":"if","locations":[{"start":{"line":150,"column":4},"end":{"line":158,"column":5}}]}},"s":{"0":3,"1":3,"2":3,"3":3,"4":1,"5":3,"6":7,"7":7,"8":2,"9":2,"10":2,"11":2,"12":2,"13":1,"14":1,"15":1,"16":1,"17":0,"18":1,"19":6,"20":5,"21":5,"22":1,"23":3,"24":3,"25":4,"26":4,"27":1,"28":1,"29":1,"30":1,"31":1,"32":1,"33":1,"34":1,"35":1,"36":0,"37":0,"38":1,"39":3,"40":3,"41":6,"42":0,"43":0,"44":3},"f":{"0":1,"1":7,"2":5,"3":4,"4":6},"b":{"0":[2,0],"1":[2,0],"2":[5],"3":[3]}}
,"/Users/chenlei/Desktop/ai-股市操盘手 (2)/server/src/controllers/authController.ts": {"path":"/Users/chenlei/Desktop/ai-股市操盘手 (2)/server/src/controllers/authController.ts","statementMap":{"0":{"start":{"line":2,"column":0},"end":{"line":2,"column":30}},"1":{"start":{"line":3,"column":0},"end":{"line":3,"column":31}},"2":{"start":{"line":4,"column":0},"end":{"line":4,"column":24}},"3":{"start":{"line":5,"column":0},"end":{"line":5,"column":33}},"4":{"start":{"line":7,"column":23},"end":{"line":13,"column":2}},"5":{"start":{"line":15,"column":20},"end":{"line":18,"column":2}},"6":{"start":{"line":20,"column":29},"end":{"line":22,"column":2}},"7":{"start":{"line":24,"column":28},"end":{"line":28,"column":2}},"8":{"start":{"line":30,"column":36},"end":{"line":67,"column":1}},"9":{"start":{"line":31,"column":2},"end":{"line":66,"column":3}},"10":{"start":{"line":32,"column":22},"end":{"line":32,"column":58}},"11":{"start":{"line":34,"column":17},"end":{"line":37,"column":6}},"12":{"start":{"line":39,"column":4},"end":{"line":42,"column":5}},"13":{"start":{"line":41,"column":6},"end":{"line":41,"column":65}},"14":{"start":{"line":45,"column":23},"end":{"line":45,"column":77}},"15":{"start":{"line":46,"column":29},"end":{"line":46,"column":66}},"16":{"start":{"line":48,"column":4},"end":{"line":54,"column":7}},"17":{"start":{"line":57,"column":4},"end":{"line":57,"column":74}},"18":{"start":{"line":59,"column":4},"end":{"line":59,"column":36}},"19":{"start":{"line":61,"column":4},"end":{"line":63,"column":5}},"20":{"start":{"line":62,"column":6},"end":{"line":62,"column":56}},"21":{"start":{"line":64,"column":4},"end":{"line":64,"column":25}},"22":{"start":{"line":65,"column":4},"end":{"line":65,"column":50}},"23":{"start":{"line":30,"column":13},"end":{"line":30,"column":36}},"24":{"start":{"line":69,"column":29},"end":{"line":107,"column":1}},"25":{"start":{"line":70,"column":2},"end":{"line":106,"column":3}},"26":{"start":{"line":71,"column":42},"end":{"line":71,"column":77}},"27":{"start":{"line":73,"column":17},"end":{"line":82,"column":6}},"28":{"start":{"line":84,"column":4},"end":{"line":86,"column":5}},"29":{"start":{"line":85,"column":6},"end":{"line":85,"column":58}},"30":{"start":{"line":88,"column":27},"end":{"line":88,"column":61}},"31":{"start":{"line":90,"column":4},"end":{"line":97,"column":7}},"32":{"start":{"line":99,"column":4},"end":{"line":99,"column":42}},"33":{"start":{"line":101,"column":4},"end":{"line":103,"column":5}},"34":{"start":{"line":102,"column":6},"end":{"line":102,"column":55}},"35":{"start":{"line":104,"column":4},"end":{"line":104,"column":25}},"36":{"start":{"line":105,"column":4},"end":{"line":105,"column":50}},"37":{"start":{"line":69,"column":13},"end":{"line":69,"column":29}},"38":{"start":{"line":109,"column":24},"end":{"line":190,"column":1}},"39":{"start":{"line":110,"column":2},"end":{"line":189,"column":3}},"40":{"start":{"line":111,"column":58},"end":{"line":111,"column":88}},"41":{"start":{"line":114,"column":25},"end":{"line":116,"column":6}},"42":{"start":{"line":118,"column":4},"end":{"line":120,"column":5}},"43":{"start":{"line":119,"column":6},"end":{"line":119,"column":64}},"44":{"start":{"line":123,"column":29},"end":{"line":125,"column":6}},"45":{"start":{"line":127,"column":4},"end":{"line":129,"column":5}},"46":{"start":{"line":128,"column":6},"end":{"line":128,"column":63}},"47":{"start":{"line":131,"column":4},"end":{"line":139,"column":5}},"48":{"start":{"line":132,"column":28},"end":{"line":135,"column":8}},"49":{"start":{"line":136,"column":6},"end":{"line":138,"column":7}},"50":{"start":{"line":137,"column":8},"end":{"line":137,"column":56}},"51":{"start":{"line":141,"column":27},"end":{"line":141,"column":58}},"52":{"start":{"line":145,"column":21},"end":{"line":145,"column":30}},"53":{"start":{"line":147,"column":17},"end":{"line":160,"column":6}},"54":{"start":{"line":162,"column":18},"end":{"line":165,"column":null}},"55":{"start":{"line":168,"column":4},"end":{"line":182,"column":7}},"56":{"start":{"line":184,"column":4},"end":{"line":186,"column":5}},"57":{"start":{"line":185,"column":6},"end":{"line":185,"column":61}},"58":{"start":{"line":187,"column":4},"end":{"line":187,"column":25}},"59":{"start":{"line":188,"column":4},"end":{"line":188,"column":52}},"60":{"start":{"line":109,"column":13},"end":{"line":109,"column":24}},"61":{"start":{"line":192,"column":21},"end":{"line":240,"column":1}},"62":{"start":{"line":193,"column":2},"end":{"line":239,"column":3}},"63":{"start":{"line":194,"column":35},"end":{"line":194,"column":62}},"64":{"start":{"line":196,"column":17},"end":{"line":198,"column":6}},"65":{"start":{"line":200,"column":4},"end":{"line":203,"column":5}},"66":{"start":{"line":201,"column":6},"end":{"line":201,"column":64}},"67":{"start":{"line":202,"column":6},"end":{"line":202,"column":57}},"68":{"start":{"line":205,"column":28},"end":{"line":205,"column":73}},"69":{"start":{"line":207,"column":4},"end":{"line":210,"column":5}},"70":{"start":{"line":208,"column":6},"end":{"line":208,"column":75}},"71":{"start":{"line":209,"column":6},"end":{"line":209,"column":57}},"72":{"start":{"line":212,"column":18},"end":{"line":215,"column":null}},"73":{"start":{"line":218,"column":4},"end":{"line":232,"column":7}},"74":{"start":{"line":234,"column":5},"end":{"line":236,"column":5}},"75":{"start":{"line":235,"column":6},"end":{"line":235,"column":61}},"76":{"start":{"line":237,"column":4},"end":{"line":237,"column":25}},"77":{"start":{"line":238,"column":4},"end":{"line":238,"column":52}},"78":{"start":{"line":192,"column":13},"end":{"line":192,"column":21}}},"fnMap":{"0":{"name":"(anonymous_1)","decl":{"start":{"line":30,"column":36},"end":{"line":30,"column":41}},"loc":{"start":{"line":30,"column":74},"end":{"line":67,"column":1}}},"1":{"name":"(anonymous_2)","decl":{"start":{"line":69,"column":29},"end":{"line":69,"column":34}},"loc":{"start":{"line":69,"column":67},"end":{"line":107,"column":1}}},"2":{"name":"(anonymous_3)","decl":{"start":{"line":109,"column":24},"end":{"line":109,"column":29}},"loc":{"start":{"line":109,"column":62},"end":{"line":190,"column":1}}},"3":{"name":"(anonymous_4)","decl":{"start":{"line":192,"column":21},"end":{"line":192,"column":26}},"loc":{"start":{"line":192,"column":59},"end":{"line":240,"column":1}}}},"branchMap":{"0":{"loc":{"start":{"line":39,"column":4},"end":{"line":42,"column":5}},"type":"if","locations":[{"start":{"line":39,"column":4},"end":{"line":42,"column":5}}]},"1":{"loc":{"start":{"line":61,"column":4},"end":{"line":63,"column":5}},"type":"if","locations":[{"start":{"line":61,"column":4},"end":{"line":63,"column":5}}]},"2":{"loc":{"start":{"line":84,"column":4},"end":{"line":86,"column":5}},"type":"if","locations":[{"start":{"line":84,"column":4},"end":{"line":86,"column":5}}]},"3":{"loc":{"start":{"line":101,"column":4},"end":{"line":103,"column":5}},"type":"if","locations":[{"start":{"line":101,"column":4},"end":{"line":103,"column":5}}]},"4":{"loc":{"start":{"line":118,"column":4},"end":{"line":120,"column":5}},"type":"if","locations":[{"start":{"line":118,"column":4},"end":{"line":120,"column":5}}]},"5":{"loc":{"start":{"line":127,"column":4},"end":{"line":129,"column":5}},"type":"if","locations":[{"start":{"line":127,"column":4},"end":{"line":129,"column":5}}]},"6":{"loc":{"start":{"line":131,"column":4},"end":{"line":139,"column":5}},"type":"if","locations":[{"start":{"line":131,"column":4},"end":{"line":139,"column":5}}]},"7":{"loc":{"start":{"line":136,"column":6},"end":{"line":138,"column":7}},"type":"if","locations":[{"start":{"line":136,"column":6},"end":{"line":138,"column":7}}]},"8":{"loc":{"start":{"line":164,"column":6},"end":{"line":164,"column":49}},"type":"binary-expr","locations":[{"start":{"line":164,"column":6},"end":{"line":164,"column":28}},{"start":{"line":164,"column":32},"end":{"line":164,"column":49}}]},"9":{"loc":{"start":{"line":184,"column":4},"end":{"line":186,"column":5}},"type":"if","locations":[{"start":{"line":184,"column":4},"end":{"line":186,"column":5}}]},"10":{"loc":{"start":{"line":200,"column":4},"end":{"line":203,"column":5}},"type":"if","locations":[{"start":{"line":200,"column":4},"end":{"line":203,"column":5}}]},"11":{"loc":{"start":{"line":207,"column":4},"end":{"line":210,"column":5}},"type":"if","locations":[{"start":{"line":207,"column":4},"end":{"line":210,"column":5}}]},"12":{"loc":{"start":{"line":214,"column":6},"end":{"line":214,"column":49}},"type":"binary-expr","locations":[{"start":{"line":214,"column":6},"end":{"line":214,"column":28}},{"start":{"line":214,"column":32},"end":{"line":214,"column":49}}]},"13":{"loc":{"start":{"line":234,"column":5},"end":{"line":236,"column":5}},"type":"if","locations":[{"start":{"line":234,"column":5},"end":{"line":236,"column":5}}]}},"s":{"0":6,"1":6,"2":6,"3":6,"4":6,"5":6,"6":6,"7":6,"8":6,"9":5,"10":5,"11":5,"12":5,"13":2,"14":3,"15":3,"16":3,"17":3,"18":3,"19":0,"20":0,"21":0,"22":0,"23":6,"24":6,"25":3,"26":3,"27":3,"28":3,"29":1,"30":2,"31":2,"32":2,"33":0,"34":0,"35":0,"36":0,"37":6,"38":6,"39":25,"40":25,"41":12,"42":12,"43":3,"44":9,"45":9,"46":1,"47":8,"48":4,"49":4,"50":0,"51":8,"52":8,"53":8,"54":8,"55":8,"56":13,"57":13,"58":0,"59":0,"60":6,"61":6,"62":25,"63":25,"64":24,"65":24,"66":17,"67":17,"68":7,"69":7,"70":3,"71":3,"72":4,"73":4,"74":1,"75":1,"76":0,"77":0,"78":6},"f":{"0":5,"1":3,"2":25,"3":25},"b":{"0":[2],"1":[0],"2":[1],"3":[0],"4":[3],"5":[1],"6":[4],"7":[0],"8":[8,0],"9":[13],"10":[17],"11":[3],"12":[4,0],"13":[1]}}
,"/Users/chenlei/Desktop/ai-股市操盘手 (2)/server/src/controllers/eventController.ts": {"path":"/Users/chenlei/Desktop/ai-股市操盘手 (2)/server/src/controllers/eventController.ts","statementMap":{"0":{"start":{"line":2,"column":0},"end":{"line":2,"column":56}},"1":{"start":{"line":4,"column":21},"end":{"line":4,"column":39}},"2":{"start":{"line":9,"column":34},"end":{"line":38,"column":1}},"3":{"start":{"line":10,"column":4},"end":{"line":37,"column":5}},"4":{"start":{"line":11,"column":60},"end":{"line":11,"column":68}},"5":{"start":{"line":14,"column":8},"end":{"line":19,"column":9}},"6":{"start":{"line":15,"column":12},"end":{"line":18,"column":15}},"7":{"start":{"line":21,"column":22},"end":{"line":24,"column":null}},"8":{"start":{"line":27,"column":8},"end":{"line":30,"column":11}},"9":{"start":{"line":32,"column":8},"end":{"line":32,"column":41}},"10":{"start":{"line":33,"column":8},"end":{"line":36,"column":11}},"11":{"start":{"line":9,"column":13},"end":{"line":9,"column":34}},"12":{"start":{"line":43,"column":33},"end":{"line":67,"column":1}},"13":{"start":{"line":44,"column":4},"end":{"line":66,"column":5}},"14":{"start":{"line":45,"column":34},"end":{"line":45,"column":42}},"15":{"start":{"line":47,"column":8},"end":{"line":52,"column":9}},"16":{"start":{"line":48,"column":12},"end":{"line":51,"column":15}},"17":{"start":{"line":54,"column":31},"end":{"line":54,"column":76}},"18":{"start":{"line":56,"column":8},"end":{"line":59,"column":11}},"19":{"start":{"line":61,"column":8},"end":{"line":61,"column":42}},"20":{"start":{"line":62,"column":8},"end":{"line":65,"column":11}},"21":{"start":{"line":43,"column":13},"end":{"line":43,"column":33}},"22":{"start":{"line":72,"column":33},"end":{"line":133,"column":1}},"23":{"start":{"line":73,"column":4},"end":{"line":132,"column":5}},"24":{"start":{"line":74,"column":26},"end":{"line":120,"column":10}},"25":{"start":{"line":122,"column":8},"end":{"line":125,"column":11}},"26":{"start":{"line":127,"column":8},"end":{"line":127,"column":42}},"27":{"start":{"line":128,"column":8},"end":{"line":131,"column":11}},"28":{"start":{"line":72,"column":13},"end":{"line":72,"column":33}}},"fnMap":{"0":{"name":"(anonymous_0)","decl":{"start":{"line":9,"column":34},"end":{"line":9,"column":39}},"loc":{"start":{"line":9,"column":72},"end":{"line":38,"column":1}}},"1":{"name":"(anonymous_1)","decl":{"start":{"line":43,"column":33},"end":{"line":43,"column":38}},"loc":{"start":{"line":43,"column":71},"end":{"line":67,"column":1}}},"2":{"name":"(anonymous_2)","decl":{"start":{"line":72,"column":33},"end":{"line":72,"column":38}},"loc":{"start":{"line":72,"column":71},"end":{"line":133,"column":1}}}},"branchMap":{"0":{"loc":{"start":{"line":14,"column":8},"end":{"line":19,"column":9}},"type":"if","locations":[{"start":{"line":14,"column":8},"end":{"line":19,"column":9}}]},"1":{"loc":{"start":{"line":14,"column":12},"end":{"line":14,"column":58}},"type":"binary-expr","locations":[{"start":{"line":14,"column":12},"end":{"line":14,"column":24}},{"start":{"line":14,"column":28},"end":{"line":14,"column":40}},{"start":{"line":14,"column":44},"end":{"line":14,"column":58}}]},"2":{"loc":{"start":{"line":47,"column":8},"end":{"line":52,"column":9}},"type":"if","locations":[{"start":{"line":47,"column":8},"end":{"line":52,"column":9}}]},"3":{"loc":{"start":{"line":47,"column":12},"end":{"line":47,"column":29}},"type":"binary-expr","locations":[{"start":{"line":47,"column":12},"end":{"line":47,"column":19}},{"start":{"line":47,"column":23},"end":{"line":47,"column":29}}]}},"s":{"0":1,"1":1,"2":1,"3":0,"4":0,"5":0,"6":0,"7":0,"8":0,"9":0,"10":0,"11":1,"12":1,"13":0,"14":0,"15":0,"16":0,"17":0,"18":0,"19":0,"20":0,"21":1,"22":1,"23":0,"24":0,"25":0,"26":0,"27":0,"28":1},"f":{"0":0,"1":0,"2":0},"b":{"0":[0],"1":[0,0,0],"2":[0],"3":[0,0]}}
,"/Users/chenlei/Desktop/ai-股市操盘手 (2)/server/src/controllers/gameController.ts": {"path":"/Users/chenlei/Desktop/ai-股市操盘手 (2)/server/src/controllers/gameController.ts","statementMap":{"0":{"start":{"line":5,"column":0},"end":{"line":5,"column":33}},"1":{"start":{"line":6,"column":0},"end":{"line":6,"column":66}},"2":{"start":{"line":23,"column":30},"end":{"line":112,"column":1}},"3":{"start":{"line":24,"column":2},"end":{"line":111,"column":3}},"4":{"start":{"line":25,"column":128},"end":{"line":25,"column":136}},"5":{"start":{"line":28,"column":4},"end":{"line":30,"column":5}},"6":{"start":{"line":29,"column":6},"end":{"line":29,"column":60}},"7":{"start":{"line":33,"column":17},"end":{"line":35,"column":6}},"8":{"start":{"line":37,"column":4},"end":{"line":39,"column":5}},"9":{"start":{"line":38,"column":6},"end":{"line":38,"column":54}},"10":{"start":{"line":42,"column":29},"end":{"line":46,"column":null}},"11":{"start":{"line":50,"column":22},"end":{"line":54,"column":null}},"12":{"start":{"line":58,"column":26},"end":{"line":58,"column":53}},"13":{"start":{"line":61,"column":24},"end":{"line":61,"column":86}},"14":{"start":{"line":64,"column":23},"end":{"line":72,"column":6}},"15":{"start":{"line":75,"column":24},"end":{"line":86,"column":6}},"16":{"start":{"line":88,"column":4},"end":{"line":106,"column":7}},"17":{"start":{"line":109,"column":4},"end":{"line":109,"column":38}},"18":{"start":{"line":110,"column":4},"end":{"line":110,"column":48}},"19":{"start":{"line":23,"column":13},"end":{"line":23,"column":30}},"20":{"start":{"line":117,"column":30},"end":{"line":154,"column":1}},"21":{"start":{"line":118,"column":2},"end":{"line":153,"column":3}},"22":{"start":{"line":119,"column":23},"end":{"line":119,"column":33}},"23":{"start":{"line":122,"column":17},"end":{"line":124,"column":6}},"24":{"start":{"line":126,"column":4},"end":{"line":128,"column":5}},"25":{"start":{"line":127,"column":6},"end":{"line":127,"column":54}},"26":{"start":{"line":130,"column":24},"end":{"line":143,"column":6}},"27":{"start":{"line":145,"column":4},"end":{"line":148,"column":7}},"28":{"start":{"line":151,"column":4},"end":{"line":151,"column":38}},"29":{"start":{"line":152,"column":4},"end":{"line":152,"column":48}},"30":{"start":{"line":117,"column":13},"end":{"line":117,"column":30}},"31":{"start":{"line":159,"column":34},"end":{"line":195,"column":1}},"32":{"start":{"line":160,"column":2},"end":{"line":194,"column":3}},"33":{"start":{"line":161,"column":23},"end":{"line":161,"column":33}},"34":{"start":{"line":163,"column":17},"end":{"line":174,"column":6}},"35":{"start":{"line":176,"column":4},"end":{"line":178,"column":5}},"36":{"start":{"line":177,"column":6},"end":{"line":177,"column":54}},"37":{"start":{"line":180,"column":22},"end":{"line":180,"column":69}},"38":{"start":{"line":182,"column":4},"end":{"line":189,"column":7}},"39":{"start":{"line":192,"column":4},"end":{"line":192,"column":40}},"40":{"start":{"line":193,"column":4},"end":{"line":193,"column":50}},"41":{"start":{"line":159,"column":13},"end":{"line":159,"column":34}},"42":{"start":{"line":200,"column":30},"end":{"line":253,"column":1}},"43":{"start":{"line":201,"column":2},"end":{"line":252,"column":3}},"44":{"start":{"line":202,"column":43},"end":{"line":202,"column":52}},"45":{"start":{"line":206,"column":4},"end":{"line":223,"column":5}},"46":{"start":{"line":208,"column":8},"end":{"line":208,"column":42}},"47":{"start":{"line":209,"column":8},"end":{"line":209,"column":14}},"48":{"start":{"line":211,"column":8},"end":{"line":211,"column":40}},"49":{"start":{"line":212,"column":8},"end":{"line":212,"column":14}},"50":{"start":{"line":214,"column":8},"end":{"line":214,"column":41}},"51":{"start":{"line":215,"column":8},"end":{"line":215,"column":14}},"52":{"start":{"line":218,"column":8},"end":{"line":221,"column":10}},"53":{"start":{"line":222,"column":8},"end":{"line":222,"column":14}},"54":{"start":{"line":225,"column":24},"end":{"line":242,"column":6}},"55":{"start":{"line":244,"column":4},"end":{"line":247,"column":7}},"56":{"start":{"line":250,"column":4},"end":{"line":250,"column":37}},"57":{"start":{"line":251,"column":4},"end":{"line":251,"column":47}},"58":{"start":{"line":200,"column":13},"end":{"line":200,"column":30}}},"fnMap":{"0":{"name":"(anonymous_1)","decl":{"start":{"line":23,"column":30},"end":{"line":23,"column":35}},"loc":{"start":{"line":23,"column":68},"end":{"line":112,"column":1}}},"1":{"name":"(anonymous_2)","decl":{"start":{"line":117,"column":30},"end":{"line":117,"column":35}},"loc":{"start":{"line":117,"column":68},"end":{"line":154,"column":1}}},"2":{"name":"(anonymous_3)","decl":{"start":{"line":159,"column":34},"end":{"line":159,"column":39}},"loc":{"start":{"line":159,"column":72},"end":{"line":195,"column":1}}},"3":{"name":"(anonymous_4)","decl":{"start":{"line":200,"column":30},"end":{"line":200,"column":35}},"loc":{"start":{"line":200,"column":68},"end":{"line":253,"column":1}}}},"branchMap":{"0":{"loc":{"start":{"line":28,"column":4},"end":{"line":30,"column":5}},"type":"if","locations":[{"start":{"line":28,"column":4},"end":{"line":30,"column":5}}]},"1":{"loc":{"start":{"line":28,"column":8},"end":{"line":28,"column":112}},"type":"binary-expr","locations":[{"start":{"line":28,"column":8},"end":{"line":28,"column":15}},{"start":{"line":28,"column":19},"end":{"line":28,"column":26}},{"start":{"line":28,"column":30},"end":{"line":28,"column":55}},{"start":{"line":28,"column":59},"end":{"line":28,"column":86}},{"start":{"line":28,"column":90},"end":{"line":28,"column":95}},{"start":{"line":28,"column":99},"end":{"line":28,"column":112}}]},"2":{"loc":{"start":{"line":37,"column":4},"end":{"line":39,"column":5}},"type":"if","locations":[{"start":{"line":37,"column":4},"end":{"line":39,"column":5}}]},"3":{"loc":{"start":{"line":79,"column":19},"end":{"line":79,"column":65}},"type":"cond-expr","locations":[{"start":{"line":79,"column":30},"end":{"line":79,"column":48}},{"start":{"line":79,"column":51},"end":{"line":79,"column":65}}]},"4":{"loc":{"start":{"line":80,"column":21},"end":{"line":80,"column":84}},"type":"cond-expr","locations":[{"start":{"line":80,"column":54},"end":{"line":80,"column":65}},{"start":{"line":80,"column":68},"end":{"line":80,"column":84}}]},"5":{"loc":{"start":{"line":126,"column":4},"end":{"line":128,"column":5}},"type":"if","locations":[{"start":{"line":126,"column":4},"end":{"line":128,"column":5}}]},"6":{"loc":{"start":{"line":176,"column":4},"end":{"line":178,"column":5}},"type":"if","locations":[{"start":{"line":176,"column":4},"end":{"line":178,"column":5}}]},"7":{"loc":{"start":{"line":202,"column":12},"end":{"line":202,"column":26}},"type":"default-arg","locations":[{"start":{"line":202,"column":19},"end":{"line":202,"column":26}}]},"8":{"loc":{"start":{"line":202,"column":28},"end":{"line":202,"column":38}},"type":"default-arg","locations":[{"start":{"line":202,"column":36},"end":{"line":202,"column":38}}]},"9":{"loc":{"start":{"line":206,"column":4},"end":{"line":223,"column":5}},"type":"switch","locations":[{"start":{"line":207,"column":6},"end":{"line":209,"column":14}},{"start":{"line":210,"column":6},"end":{"line":212,"column":14}},{"start":{"line":213,"column":6},"end":{"line":215,"column":14}},{"start":{"line":216,"column":6},"end":{"line":216,"column":19}},{"start":{"line":217,"column":6},"end":{"line":222,"column":14}}]}},"s":{"0":3,"1":3,"2":3,"3":6,"4":6,"5":6,"6":4,"7":2,"8":2,"9":0,"10":2,"11":2,"12":2,"13":2,"14":2,"15":2,"16":2,"17":0,"18":0,"19":3,"20":3,"21":7,"22":7,"23":7,"24":7,"25":1,"26":6,"27":6,"28":0,"29":0,"30":3,"31":3,"32":2,"33":2,"34":2,"35":2,"36":1,"37":1,"38":1,"39":0,"40":0,"41":3,"42":3,"43":9,"44":9,"45":9,"46":1,"47":1,"48":0,"49":0,"50":0,"51":0,"52":8,"53":8,"54":9,"55":9,"56":0,"57":0,"58":3},"f":{"0":6,"1":7,"2":2,"3":9},"b":{"0":[4],"1":[6,6,5,5,2,2],"2":[0],"3":[2,0],"4":[1,1],"5":[1],"6":[1],"7":[4],"8":[6],"9":[1,0,0,5,8]}}
,"/Users/chenlei/Desktop/ai-股市操盘手 (2)/server/src/game/gameManager.ts": {"path":"/Users/chenlei/Desktop/ai-股市操盘手 (2)/server/src/game/gameManager.ts","statementMap":{"0":{"start":{"line":5,"column":0},"end":{"line":5,"column":53}},"1":{"start":{"line":8,"column":10},"end":{"line":8,"column":46}},"2":{"start":{"line":9,"column":10},"end":{"line":9,"column":37}},"3":{"start":{"line":12,"column":19},"end":{"line":12,"column":69}},"4":{"start":{"line":13,"column":4},"end":{"line":21,"column":7}},"5":{"start":{"line":22,"column":4},"end":{"line":22,"column":18}},"6":{"start":{"line":26,"column":4},"end":{"line":26,"column":34}},"7":{"start":{"line":7,"column":0},"end":{"line":7,"column":13}},"8":{"start":{"line":32,"column":13},"end":{"line":32,"column":45}}},"fnMap":{"0":{"name":"(anonymous_0)","decl":{"start":{"line":7,"column":0},"end":{"line":7,"column":13}},"loc":{"start":{"line":7,"column":0},"end":{"line":30,"column":1}}},"1":{"name":"(anonymous_1)","decl":{"start":{"line":11,"column":2},"end":{"line":11,"column":12}},"loc":{"start":{"line":11,"column":42},"end":{"line":23,"column":3}}},"2":{"name":"(anonymous_2)","decl":{"start":{"line":25,"column":2},"end":{"line":25,"column":9}},"loc":{"start":{"line":25,"column":24},"end":{"line":27,"column":3}}}},"branchMap":{},"s":{"0":1,"1":10,"2":10,"3":6,"4":6,"5":6,"6":10,"7":1,"8":1},"f":{"0":10,"1":6,"2":10},"b":{}}
,"/Users/chenlei/Desktop/ai-股市操盘手 (2)/server/src/game/itemSystem.ts": {"path":"/Users/chenlei/Desktop/ai-股市操盘手 (2)/server/src/game/itemSystem.ts","statementMap":{"0":{"start":{"line":4,"column":0},"end":{"line":4,"column":null}},"1":{"start":{"line":5,"column":2},"end":{"line":5,"column":null}},"2":{"start":{"line":6,"column":2},"end":{"line":6,"column":null}},"3":{"start":{"line":7,"column":2},"end":{"line":7,"column":null}},"4":{"start":{"line":8,"column":2},"end":{"line":8,"column":33}},"5":{"start":{"line":20,"column":13},"end":{"line":45,"column":2}},"6":{"start":{"line":54,"column":4},"end":{"line":54,"column":61}},"7":{"start":{"line":47,"column":0},"end":{"line":47,"column":13}}},"fnMap":{"0":{"name":"(anonymous_0)","decl":{"start":{"line":4,"column":0},"end":{"line":4,"column":12}},"loc":{"start":{"line":4,"column":20},"end":{"line":9,"column":1}}},"1":{"name":"(anonymous_1)","decl":{"start":{"line":48,"column":2},"end":{"line":48,"column":16}},"loc":{"start":{"line":48,"column":66},"end":{"line":55,"column":3}}}},"branchMap":{"0":{"loc":{"start":{"line":4,"column":12},"end":{"line":4,"column":null}},"type":"binary-expr","locations":[{"start":{"line":4,"column":12},"end":{"line":4,"column":20}},{"start":{"line":4,"column":20},"end":{"line":4,"column":null}}]}},"s":{"0":1,"1":1,"2":1,"3":1,"4":1,"5":1,"6":5,"7":1},"f":{"0":1,"1":5},"b":{"0":[1,1]}}
,"/Users/chenlei/Desktop/ai-股市操盘手 (2)/server/src/middleware/adminMiddleware.ts": {"path":"/Users/chenlei/Desktop/ai-股市操盘手 (2)/server/src/middleware/adminMiddleware.ts","statementMap":{"0":{"start":{"line":4,"column":28},"end":{"line":9,"column":1}},"1":{"start":{"line":5,"column":2},"end":{"line":7,"column":3}},"2":{"start":{"line":6,"column":4},"end":{"line":6,"column":59}},"3":{"start":{"line":8,"column":2},"end":{"line":8,"column":9}},"4":{"start":{"line":4,"column":13},"end":{"line":4,"column":28}}},"fnMap":{"0":{"name":"(anonymous_0)","decl":{"start":{"line":4,"column":28},"end":{"line":4,"column":29}},"loc":{"start":{"line":4,"column":84},"end":{"line":9,"column":1}}}},"branchMap":{"0":{"loc":{"start":{"line":5,"column":2},"end":{"line":7,"column":3}},"type":"if","locations":[{"start":{"line":5,"column":2},"end":{"line":7,"column":3}}]},"1":{"loc":{"start":{"line":5,"column":6},"end":{"line":5,"column":44}},"type":"binary-expr","locations":[{"start":{"line":5,"column":6},"end":{"line":5,"column":15}},{"start":{"line":5,"column":19},"end":{"line":5,"column":44}}]}},"s":{"0":1,"1":0,"2":0,"3":0,"4":1},"f":{"0":0},"b":{"0":[0],"1":[0,0]}}
,"/Users/chenlei/Desktop/ai-股市操盘手 (2)/server/src/middleware/authMiddleware.ts": {"path":"/Users/chenlei/Desktop/ai-股市操盘手 (2)/server/src/middleware/authMiddleware.ts","statementMap":{"0":{"start":{"line":2,"column":0},"end":{"line":2,"column":31}},"1":{"start":{"line":12,"column":33},"end":{"line":27,"column":1}},"2":{"start":{"line":13,"column":21},"end":{"line":13,"column":49}},"3":{"start":{"line":14,"column":16},"end":{"line":14,"column":54}},"4":{"start":{"line":16,"column":2},"end":{"line":18,"column":3}},"5":{"start":{"line":17,"column":4},"end":{"line":17,"column":53}},"6":{"start":{"line":20,"column":2},"end":{"line":26,"column":3}},"7":{"start":{"line":21,"column":17},"end":{"line":21,"column":86}},"8":{"start":{"line":22,"column":4},"end":{"line":22,"column":20}},"9":{"start":{"line":23,"column":4},"end":{"line":23,"column":11}},"10":{"start":{"line":25,"column":4},"end":{"line":25,"column":55}},"11":{"start":{"line":12,"column":13},"end":{"line":12,"column":33}}},"fnMap":{"0":{"name":"(anonymous_1)","decl":{"start":{"line":12,"column":33},"end":{"line":12,"column":34}},"loc":{"start":{"line":12,"column":89},"end":{"line":27,"column":1}}}},"branchMap":{"0":{"loc":{"start":{"line":14,"column":16},"end":{"line":14,"column":54}},"type":"binary-expr","locations":[{"start":{"line":14,"column":16},"end":{"line":14,"column":26}},{"start":{"line":14,"column":30},"end":{"line":14,"column":54}}]},"1":{"loc":{"start":{"line":16,"column":2},"end":{"line":18,"column":3}},"type":"if","locations":[{"start":{"line":16,"column":2},"end":{"line":18,"column":3}}]},"2":{"loc":{"start":{"line":21,"column":35},"end":{"line":21,"column":78}},"type":"binary-expr","locations":[{"start":{"line":21,"column":35},"end":{"line":21,"column":57}},{"start":{"line":21,"column":61},"end":{"line":21,"column":78}}]}},"s":{"0":4,"1":4,"2":28,"3":28,"4":28,"5":3,"6":25,"7":25,"8":22,"9":22,"10":3,"11":4},"f":{"0":28},"b":{"0":[28,25],"1":[3],"2":[25,0]}}
,"/Users/chenlei/Desktop/ai-股市操盘手 (2)/server/src/routes/adminRoutes.ts": {"path":"/Users/chenlei/Desktop/ai-股市操盘手 (2)/server/src/routes/adminRoutes.ts","statementMap":{"0":{"start":{"line":1,"column":0},"end":{"line":1,"column":30}},"1":{"start":{"line":2,"column":0},"end":{"line":2,"column":63}},"2":{"start":{"line":3,"column":0},"end":{"line":3,"column":65}},"3":{"start":{"line":4,"column":0},"end":{"line":4,"column":61}},"4":{"start":{"line":6,"column":15},"end":{"line":6,"column":31}},"5":{"start":{"line":9,"column":0},"end":{"line":9,"column":44}},"6":{"start":{"line":11,"column":0},"end":{"line":11,"column":46}},"7":{"start":{"line":13,"column":0},"end":{"line":13,"column":22}}},"fnMap":{},"branchMap":{},"s":{"0":1,"1":1,"2":1,"3":1,"4":1,"5":1,"6":1,"7":1},"f":{},"b":{}}
,"/Users/chenlei/Desktop/ai-股市操盘手 (2)/server/src/routes/aiRoutes.ts": {"path":"/Users/chenlei/Desktop/ai-股市操盘手 (2)/server/src/routes/aiRoutes.ts","statementMap":{"0":{"start":{"line":1,"column":0},"end":{"line":1,"column":30}},"1":{"start":{"line":2,"column":0},"end":{"line":2,"column":75}},"2":{"start":{"line":3,"column":0},"end":{"line":3,"column":65}},"3":{"start":{"line":5,"column":15},"end":{"line":5,"column":31}},"4":{"start":{"line":8,"column":0},"end":{"line":8,"column":54}},"5":{"start":{"line":9,"column":0},"end":{"line":9,"column":39}},"6":{"start":{"line":11,"column":0},"end":{"line":11,"column":22}}},"fnMap":{},"branchMap":{},"s":{"0":3,"1":3,"2":3,"3":3,"4":3,"5":3,"6":3},"f":{},"b":{}}
,"/Users/chenlei/Desktop/ai-股市操盘手 (2)/server/src/routes/authRoutes.ts": {"path":"/Users/chenlei/Desktop/ai-股市操盘手 (2)/server/src/routes/authRoutes.ts","statementMap":{"0":{"start":{"line":1,"column":0},"end":{"line":1,"column":30}},"1":{"start":{"line":2,"column":0},"end":{"line":2,"column":101}},"2":{"start":{"line":4,"column":15},"end":{"line":4,"column":31}},"3":{"start":{"line":6,"column":0},"end":{"line":6,"column":35}},"4":{"start":{"line":7,"column":0},"end":{"line":7,"column":29}},"5":{"start":{"line":8,"column":0},"end":{"line":8,"column":54}},"6":{"start":{"line":9,"column":0},"end":{"line":9,"column":46}},"7":{"start":{"line":11,"column":0},"end":{"line":11,"column":22}}},"fnMap":{},"branchMap":{},"s":{"0":5,"1":5,"2":5,"3":5,"4":5,"5":5,"6":5,"7":5},"f":{},"b":{}}
,"/Users/chenlei/Desktop/ai-股市操盘手 (2)/server/src/routes/eventRoutes.ts": {"path":"/Users/chenlei/Desktop/ai-股市操盘手 (2)/server/src/routes/eventRoutes.ts","statementMap":{"0":{"start":{"line":1,"column":0},"end":{"line":1,"column":30}},"1":{"start":{"line":2,"column":0},"end":{"line":2,"column":null}},"2":{"start":{"line":8,"column":15},"end":{"line":8,"column":31}},"3":{"start":{"line":11,"column":0},"end":{"line":11,"column":45}},"4":{"start":{"line":14,"column":0},"end":{"line":14,"column":49}},"5":{"start":{"line":17,"column":0},"end":{"line":17,"column":44}},"6":{"start":{"line":19,"column":0},"end":{"line":19,"column":22}}},"fnMap":{},"branchMap":{},"s":{"0":1,"1":1,"2":1,"3":1,"4":1,"5":1,"6":1},"f":{},"b":{}}
,"/Users/chenlei/Desktop/ai-股市操盘手 (2)/server/src/routes/gameRoutes.ts": {"path":"/Users/chenlei/Desktop/ai-股市操盘手 (2)/server/src/routes/gameRoutes.ts","statementMap":{"0":{"start":{"line":2,"column":0},"end":{"line":2,"column":30}},"1":{"start":{"line":3,"column":0},"end":{"line":3,"column":115}},"2":{"start":{"line":4,"column":0},"end":{"line":4,"column":65}},"3":{"start":{"line":6,"column":15},"end":{"line":6,"column":31}},"4":{"start":{"line":9,"column":0},"end":{"line":9,"column":59}},"5":{"start":{"line":12,"column":0},"end":{"line":12,"column":66}},"6":{"start":{"line":15,"column":0},"end":{"line":15,"column":68}},"7":{"start":{"line":18,"column":0},"end":{"line":18,"column":43}},"8":{"start":{"line":20,"column":0},"end":{"line":20,"column":22}}},"fnMap":{},"branchMap":{},"s":{"0":3,"1":3,"2":3,"3":3,"4":3,"5":3,"6":3,"7":3,"8":3},"f":{},"b":{}}
,"/Users/chenlei/Desktop/ai-股市操盘手 (2)/server/src/services/aiService.ts": {"path":"/Users/chenlei/Desktop/ai-股市操盘手 (2)/server/src/services/aiService.ts","statementMap":{"0":{"start":{"line":1,"column":0},"end":{"line":1,"column":26}},"1":{"start":{"line":2,"column":0},"end":{"line":2,"column":28}},"2":{"start":{"line":4,"column":0},"end":{"line":4,"column":16}},"3":{"start":{"line":19,"column":0},"end":{"line":19,"column":22}},"4":{"start":{"line":32,"column":4},"end":{"line":32,"column":12}},"5":{"start":{"line":33,"column":4},"end":{"line":33,"column":53}},"6":{"start":{"line":34,"column":4},"end":{"line":34,"column":82}},"7":{"start":{"line":35,"column":4},"end":{"line":35,"column":63}},"8":{"start":{"line":39,"column":4},"end":{"line":41,"column":5}},"9":{"start":{"line":40,"column":6},"end":{"line":40,"column":53}},"10":{"start":{"line":43,"column":4},"end":{"line":71,"column":5}},"11":{"start":{"line":44,"column":23},"end":{"line":60,"column":null}},"12":{"start":{"line":63,"column":6},"end":{"line":68,"column":8}},"13":{"start":{"line":70,"column":6},"end":{"line":70,"column":63}},"14":{"start":{"line":26,"column":0},"end":{"line":26,"column":13}},"15":{"start":{"line":83,"column":4},"end":{"line":83,"column":12}},"16":{"start":{"line":84,"column":4},"end":{"line":84,"column":54}},"17":{"start":{"line":85,"column":4},"end":{"line":85,"column":61}},"18":{"start":{"line":89,"column":4},"end":{"line":91,"column":5}},"19":{"start":{"line":90,"column":6},"end":{"line":90,"column":54}},"20":{"start":{"line":93,"column":4},"end":{"line":129,"column":5}},"21":{"start":{"line":94,"column":23},"end":{"line":113,"column":null}},"22":{"start":{"line":116,"column":6},"end":{"line":125,"column":7}},"23":{"start":{"line":117,"column":8},"end":{"line":122,"column":10}},"24":{"start":{"line":124,"column":8},"end":{"line":124,"column":59}},"25":{"start":{"line":127,"column":6},"end":{"line":127,"column":83}},"26":{"start":{"line":128,"column":6},"end":{"line":128,"column":64}},"27":{"start":{"line":78,"column":0},"end":{"line":78,"column":13}},"28":{"start":{"line":139,"column":4},"end":{"line":149,"column":5}},"29":{"start":{"line":141,"column":6},"end":{"line":143,"column":7}},"30":{"start":{"line":142,"column":8},"end":{"line":142,"column":65}},"31":{"start":{"line":146,"column":6},"end":{"line":148,"column":7}},"32":{"start":{"line":147,"column":8},"end":{"line":147,"column":43}},"33":{"start":{"line":152,"column":4},"end":{"line":157,"column":6}},"34":{"start":{"line":136,"column":0},"end":{"line":136,"column":13}},"35":{"start":{"line":162,"column":28},"end":{"line":173,"column":1}},"36":{"start":{"line":164,"column":2},"end":{"line":166,"column":3}},"37":{"start":{"line":165,"column":4},"end":{"line":165,"column":31}},"38":{"start":{"line":168,"column":19},"end":{"line":168,"column":56}},"39":{"start":{"line":169,"column":2},"end":{"line":171,"column":3}},"40":{"start":{"line":170,"column":4},"end":{"line":170,"column":34}},"41":{"start":{"line":172,"column":2},"end":{"line":172,"column":31}},"42":{"start":{"line":162,"column":13},"end":{"line":162,"column":28}}},"fnMap":{"0":{"name":"(anonymous_1)","decl":{"start":{"line":31,"column":2},"end":{"line":31,"column":null}},"loc":{"start":{"line":31,"column":2},"end":{"line":36,"column":3}}},"1":{"name":"(anonymous_2)","decl":{"start":{"line":38,"column":2},"end":{"line":38,"column":7}},"loc":{"start":{"line":38,"column":90},"end":{"line":72,"column":3}}},"2":{"name":"(anonymous_3)","decl":{"start":{"line":82,"column":2},"end":{"line":82,"column":null}},"loc":{"start":{"line":82,"column":2},"end":{"line":86,"column":3}}},"3":{"name":"(anonymous_4)","decl":{"start":{"line":88,"column":2},"end":{"line":88,"column":7}},"loc":{"start":{"line":88,"column":62},"end":{"line":130,"column":3}}},"4":{"name":"(anonymous_5)","decl":{"start":{"line":137,"column":2},"end":{"line":137,"column":7}},"loc":{"start":{"line":137,"column":90},"end":{"line":158,"column":3}}},"5":{"name":"(anonymous_6)","decl":{"start":{"line":162,"column":28},"end":{"line":162,"column":42}},"loc":{"start":{"line":162,"column":44},"end":{"line":173,"column":1}}}},"branchMap":{"0":{"loc":{"start":{"line":33,"column":18},"end":{"line":33,"column":52}},"type":"binary-expr","locations":[{"start":{"line":33,"column":18},"end":{"line":33,"column":46}},{"start":{"line":33,"column":50},"end":{"line":33,"column":52}}]},"1":{"loc":{"start":{"line":34,"column":19},"end":{"line":34,"column":81}},"type":"binary-expr","locations":[{"start":{"line":34,"column":19},"end":{"line":34,"column":48}},{"start":{"line":34,"column":52},"end":{"line":34,"column":81}}]},"2":{"loc":{"start":{"line":35,"column":17},"end":{"line":35,"column":62}},"type":"binary-expr","locations":[{"start":{"line":35,"column":17},"end":{"line":35,"column":43}},{"start":{"line":35,"column":47},"end":{"line":35,"column":62}}]},"3":{"loc":{"start":{"line":38,"column":37},"end":{"line":38,"column":90}},"type":"default-arg","locations":[{"start":{"line":38,"column":60},"end":{"line":38,"column":90}}]},"4":{"loc":{"start":{"line":39,"column":4},"end":{"line":41,"column":5}},"type":"if","locations":[{"start":{"line":39,"column":4},"end":{"line":41,"column":5}}]},"5":{"loc":{"start":{"line":84,"column":18},"end":{"line":84,"column":53}},"type":"binary-expr","locations":[{"start":{"line":84,"column":18},"end":{"line":84,"column":47}},{"start":{"line":84,"column":51},"end":{"line":84,"column":53}}]},"6":{"loc":{"start":{"line":85,"column":17},"end":{"line":85,"column":60}},"type":"binary-expr","locations":[{"start":{"line":85,"column":17},"end":{"line":85,"column":44}},{"start":{"line":85,"column":48},"end":{"line":85,"column":60}}]},"7":{"loc":{"start":{"line":88,"column":37},"end":{"line":88,"column":62}},"type":"default-arg","locations":[{"start":{"line":88,"column":60},"end":{"line":88,"column":62}}]},"8":{"loc":{"start":{"line":89,"column":4},"end":{"line":91,"column":5}},"type":"if","locations":[{"start":{"line":89,"column":4},"end":{"line":91,"column":5}}]},"9":{"loc":{"start":{"line":116,"column":6},"end":{"line":125,"column":7}},"type":"if","locations":[{"start":{"line":116,"column":6},"end":{"line":125,"column":7}},{"start":{"line":123,"column":13},"end":{"line":125,"column":7}}]},"10":{"loc":{"start":{"line":116,"column":10},"end":{"line":116,"column":62}},"type":"binary-expr","locations":[{"start":{"line":116,"column":10},"end":{"line":116,"column":30}},{"start":{"line":116,"column":34},"end":{"line":116,"column":62}}]},"11":{"loc":{"start":{"line":120,"column":25},"end":{"line":120,"column":63}},"type":"binary-expr","locations":[{"start":{"line":120,"column":25},"end":{"line":120,"column":58}},{"start":{"line":120,"column":62},"end":{"line":120,"column":63}}]},"12":{"loc":{"start":{"line":127,"column":44},"end":{"line":127,"column":81}},"type":"binary-expr","locations":[{"start":{"line":127,"column":44},"end":{"line":127,"column":64}},{"start":{"line":127,"column":68},"end":{"line":127,"column":81}}]},"13":{"loc":{"start":{"line":137,"column":37},"end":{"line":137,"column":90}},"type":"default-arg","locations":[{"start":{"line":137,"column":60},"end":{"line":137,"column":90}}]},"14":{"loc":{"start":{"line":139,"column":4},"end":{"line":149,"column":5}},"type":"if","locations":[{"start":{"line":139,"column":4},"end":{"line":149,"column":5}}]},"15":{"loc":{"start":{"line":141,"column":6},"end":{"line":143,"column":7}},"type":"if","locations":[{"start":{"line":141,"column":6},"end":{"line":143,"column":7}}]},"16":{"loc":{"start":{"line":146,"column":6},"end":{"line":148,"column":7}},"type":"if","locations":[{"start":{"line":146,"column":6},"end":{"line":148,"column":7}}]},"17":{"loc":{"start":{"line":164,"column":2},"end":{"line":166,"column":3}},"type":"if","locations":[{"start":{"line":164,"column":2},"end":{"line":166,"column":3}}]},"18":{"loc":{"start":{"line":164,"column":6},"end":{"line":164,"column":70}},"type":"binary-expr","locations":[{"start":{"line":164,"column":6},"end":{"line":164,"column":37}},{"start":{"line":164,"column":41},"end":{"line":164,"column":70}}]},"19":{"loc":{"start":{"line":168,"column":19},"end":{"line":168,"column":56}},"type":"binary-expr","locations":[{"start":{"line":168,"column":19},"end":{"line":168,"column":42}},{"start":{"line":168,"column":46},"end":{"line":168,"column":56}}]},"20":{"loc":{"start":{"line":169,"column":2},"end":{"line":171,"column":3}},"type":"if","locations":[{"start":{"line":169,"column":2},"end":{"line":171,"column":3}}]}},"s":{"0":3,"1":3,"2":3,"3":3,"4":4,"5":4,"6":4,"7":4,"8":3,"9":1,"10":2,"11":2,"12":1,"13":1,"14":3,"15":3,"16":3,"17":3,"18":2,"19":1,"20":1,"21":1,"22":1,"23":1,"24":0,"25":0,"26":0,"27":3,"28":1,"29":1,"30":0,"31":1,"32":0,"33":1,"34":3,"35":3,"36":4,"37":4,"38":0,"39":0,"40":0,"41":0,"42":3},"f":{"0":4,"1":3,"2":3,"3":2,"4":1,"5":4},"b":{"0":[4,1],"1":[4,4],"2":[4,4],"3":[3],"4":[1],"5":[3,1],"6":[3,3],"7":[2],"8":[1],"9":[1,0],"10":[1,1],"11":[1,0],"12":[0,0],"13":[1],"14":[1],"15":[0],"16":[0],"17":[4],"18":[4,0],"19":[0,0],"20":[0]}}
,"/Users/chenlei/Desktop/ai-股市操盘手 (2)/server/src/services/eventService.ts": {"path":"/Users/chenlei/Desktop/ai-股市操盘手 (2)/server/src/services/eventService.ts","statementMap":{"0":{"start":{"line":1,"column":0},"end":{"line":1,"column":59}},"1":{"start":{"line":2,"column":0},"end":{"line":2,"column":43}},"2":{"start":{"line":12,"column":8},"end":{"line":12,"column":40}},"3":{"start":{"line":23,"column":29},"end":{"line":39,"column":15}},"4":{"start":{"line":41,"column":27},"end":{"line":46,"column":20}},"5":{"start":{"line":48,"column":8},"end":{"line":58,"column":9}},"6":{"start":{"line":49,"column":29},"end":{"line":49,"column":88}},"7":{"start":{"line":50,"column":33},"end":{"line":50,"column":49}},"8":{"start":{"line":53,"column":12},"end":{"line":53,"column":104}},"9":{"start":{"line":55,"column":12},"end":{"line":55,"column":45}},"10":{"start":{"line":57,"column":12},"end":{"line":57,"column":71}},"11":{"start":{"line":71,"column":22},"end":{"line":71,"column":69}},"12":{"start":{"line":71,"column":57},"end":{"line":71,"column":68}},"13":{"start":{"line":73,"column":20},"end":{"line":73,"column":28}},"14":{"start":{"line":74,"column":26},"end":{"line":74,"column":33}},"15":{"start":{"line":75,"column":24},"end":{"line":75,"column":57}},"16":{"start":{"line":78,"column":8},"end":{"line":84,"column":9}},"17":{"start":{"line":79,"column":30},"end":{"line":79,"column":38}},"18":{"start":{"line":80,"column":12},"end":{"line":83,"column":13}},"19":{"start":{"line":81,"column":16},"end":{"line":81,"column":64}},"20":{"start":{"line":82,"column":16},"end":{"line":82,"column":56}},"21":{"start":{"line":87,"column":24},"end":{"line":87,"column":92}},"22":{"start":{"line":89,"column":8},"end":{"line":96,"column":10}},"23":{"start":{"line":107,"column":39},"end":{"line":107,"column":41}},"24":{"start":{"line":108,"column":29},"end":{"line":108,"column":50}},"25":{"start":{"line":111,"column":8},"end":{"line":117,"column":9}},"26":{"start":{"line":112,"column":12},"end":{"line":116,"column":15}},"27":{"start":{"line":119,"column":8},"end":{"line":125,"column":9}},"28":{"start":{"line":120,"column":12},"end":{"line":124,"column":15}},"29":{"start":{"line":128,"column":58},"end":{"line":136,"column":10}},"30":{"start":{"line":138,"column":8},"end":{"line":148,"column":9}},"31":{"start":{"line":139,"column":12},"end":{"line":147,"column":13}},"32":{"start":{"line":140,"column":35},"end":{"line":140,"column":93}},"33":{"start":{"line":141,"column":16},"end":{"line":146,"column":19}},"34":{"start":{"line":151,"column":8},"end":{"line":157,"column":9}},"35":{"start":{"line":152,"column":12},"end":{"line":156,"column":15}},"36":{"start":{"line":159,"column":8},"end":{"line":159,"column":23}},"37":{"start":{"line":169,"column":30},"end":{"line":183,"column":10}},"38":{"start":{"line":185,"column":32},"end":{"line":199,"column":10}},"39":{"start":{"line":201,"column":23},"end":{"line":201,"column":82}},"40":{"start":{"line":202,"column":22},"end":{"line":202,"column":71}},"41":{"start":{"line":204,"column":8},"end":{"line":216,"column":10}},"42":{"start":{"line":223,"column":8},"end":{"line":251,"column":11}},"43":{"start":{"line":224,"column":32},"end":{"line":224,"column":44}},"44":{"start":{"line":226,"column":12},"end":{"line":248,"column":13}},"45":{"start":{"line":227,"column":16},"end":{"line":247,"column":17}},"46":{"start":{"line":230,"column":24},"end":{"line":230,"column":66}},"47":{"start":{"line":231,"column":24},"end":{"line":231,"column":87}},"48":{"start":{"line":232,"column":24},"end":{"line":232,"column":30}},"49":{"start":{"line":237,"column":24},"end":{"line":240,"column":25}},"50":{"start":{"line":238,"column":28},"end":{"line":238,"column":70}},"51":{"start":{"line":239,"column":28},"end":{"line":239,"column":91}},"52":{"start":{"line":241,"column":24},"end":{"line":241,"column":30}},"53":{"start":{"line":245,"column":24},"end":{"line":245,"column":71}},"54":{"start":{"line":246,"column":24},"end":{"line":246,"column":30}},"55":{"start":{"line":250,"column":12},"end":{"line":250,"column":33}},"56":{"start":{"line":8,"column":0},"end":{"line":8,"column":13}}},"fnMap":{"0":{"name":"(anonymous_0)","decl":{"start":{"line":11,"column":4},"end":{"line":11,"column":null}},"loc":{"start":{"line":11,"column":4},"end":{"line":13,"column":5}}},"1":{"name":"(anonymous_1)","decl":{"start":{"line":18,"column":4},"end":{"line":18,"column":9}},"loc":{"start":{"line":21,"column":31},"end":{"line":59,"column":5}}},"2":{"name":"(anonymous_2)","decl":{"start":{"line":64,"column":12},"end":{"line":64,"column":36}},"loc":{"start":{"line":68,"column":31},"end":{"line":97,"column":5}}},"3":{"name":"(anonymous_3)","decl":{"start":{"line":71,"column":49},"end":{"line":71,"column":53}},"loc":{"start":{"line":71,"column":57},"end":{"line":71,"column":68}}},"4":{"name":"(anonymous_4)","decl":{"start":{"line":102,"column":12},"end":{"line":102,"column":38}},"loc":{"start":{"line":105,"column":31},"end":{"line":160,"column":5}}},"5":{"name":"(anonymous_5)","decl":{"start":{"line":165,"column":12},"end":{"line":165,"column":32}},"loc":{"start":{"line":167,"column":27},"end":{"line":217,"column":5}}},"6":{"name":"(anonymous_6)","decl":{"start":{"line":222,"column":4},"end":{"line":222,"column":21}},"loc":{"start":{"line":222,"column":54},"end":{"line":252,"column":5}}},"7":{"name":"(anonymous_7)","decl":{"start":{"line":223,"column":26},"end":{"line":223,"column":31}},"loc":{"start":{"line":223,"column":34},"end":{"line":251,"column":9}}}},"branchMap":{"0":{"loc":{"start":{"line":28,"column":12},"end":{"line":28,"column":51}},"type":"cond-expr","locations":[{"start":{"line":28,"column":40},"end":{"line":28,"column":44}},{"start":{"line":28,"column":47},"end":{"line":28,"column":51}}]},"1":{"loc":{"start":{"line":28,"column":61},"end":{"line":28,"column":115}},"type":"cond-expr","locations":[{"start":{"line":28,"column":79},"end":{"line":28,"column":83}},{"start":{"line":28,"column":86},"end":{"line":28,"column":115}}]},"2":{"loc":{"start":{"line":28,"column":86},"end":{"line":28,"column":115}},"type":"cond-expr","locations":[{"start":{"line":28,"column":104},"end":{"line":28,"column":108}},{"start":{"line":28,"column":111},"end":{"line":28,"column":115}}]},"3":{"loc":{"start":{"line":42,"column":7},"end":{"line":42,"column":46}},"type":"cond-expr","locations":[{"start":{"line":42,"column":35},"end":{"line":42,"column":39}},{"start":{"line":42,"column":42},"end":{"line":42,"column":46}}]},"4":{"loc":{"start":{"line":43,"column":9},"end":{"line":43,"column":63}},"type":"cond-expr","locations":[{"start":{"line":43,"column":27},"end":{"line":43,"column":31}},{"start":{"line":43,"column":34},"end":{"line":43,"column":63}}]},"5":{"loc":{"start":{"line":43,"column":34},"end":{"line":43,"column":63}},"type":"cond-expr","locations":[{"start":{"line":43,"column":52},"end":{"line":43,"column":56}},{"start":{"line":43,"column":59},"end":{"line":43,"column":63}}]},"6":{"loc":{"start":{"line":75,"column":34},"end":{"line":75,"column":56}},"type":"binary-expr","locations":[{"start":{"line":75,"column":34},"end":{"line":75,"column":42}},{"start":{"line":75,"column":46},"end":{"line":75,"column":56}}]},"7":{"loc":{"start":{"line":78,"column":8},"end":{"line":84,"column":9}},"type":"if","locations":[{"start":{"line":78,"column":8},"end":{"line":84,"column":9}}]},"8":{"loc":{"start":{"line":80,"column":12},"end":{"line":83,"column":13}},"type":"if","locations":[{"start":{"line":80,"column":12},"end":{"line":83,"column":13}}]},"9":{"loc":{"start":{"line":80,"column":16},"end":{"line":80,"column":91}},"type":"binary-expr","locations":[{"start":{"line":80,"column":16},"end":{"line":80,"column":39}},{"start":{"line":80,"column":43},"end":{"line":80,"column":66}},{"start":{"line":80,"column":70},"end":{"line":80,"column":91}}]},"10":{"loc":{"start":{"line":91,"column":19},"end":{"line":91,"column":35}},"type":"binary-expr","locations":[{"start":{"line":91,"column":19},"end":{"line":91,"column":24}},{"start":{"line":91,"column":28},"end":{"line":91,"column":35}}]},"11":{"loc":{"start":{"line":92,"column":25},"end":{"line":92,"column":56}},"type":"binary-expr","locations":[{"start":{"line":92,"column":25},"end":{"line":92,"column":36}},{"start":{"line":92,"column":40},"end":{"line":92,"column":56}}]},"12":{"loc":{"start":{"line":94,"column":23},"end":{"line":94,"column":46}},"type":"binary-expr","locations":[{"start":{"line":94,"column":23},"end":{"line":94,"column":32}},{"start":{"line":94,"column":36},"end":{"line":94,"column":46}}]},"13":{"loc":{"start":{"line":111,"column":8},"end":{"line":117,"column":9}},"type":"if","locations":[{"start":{"line":111,"column":8},"end":{"line":117,"column":9}}]},"14":{"loc":{"start":{"line":111,"column":12},"end":{"line":111,"column":101}},"type":"binary-expr","locations":[{"start":{"line":111,"column":12},"end":{"line":111,"column":39}},{"start":{"line":111,"column":43},"end":{"line":111,"column":70}},{"start":{"line":111,"column":74},"end":{"line":111,"column":101}}]},"15":{"loc":{"start":{"line":119,"column":8},"end":{"line":125,"column":9}},"type":"if","locations":[{"start":{"line":119,"column":8},"end":{"line":125,"column":9}}]},"16":{"loc":{"start":{"line":119,"column":12},"end":{"line":119,"column":101}},"type":"binary-expr","locations":[{"start":{"line":119,"column":12},"end":{"line":119,"column":39}},{"start":{"line":119,"column":43},"end":{"line":119,"column":70}},{"start":{"line":119,"column":74},"end":{"line":119,"column":101}}]},"17":{"loc":{"start":{"line":139,"column":12},"end":{"line":147,"column":13}},"type":"if","locations":[{"start":{"line":139,"column":12},"end":{"line":147,"column":13}}]},"18":{"loc":{"start":{"line":140,"column":35},"end":{"line":140,"column":93}},"type":"binary-expr","locations":[{"start":{"line":140,"column":35},"end":{"line":140,"column":62}},{"start":{"line":140,"column":66},"end":{"line":140,"column":93}}]},"19":{"loc":{"start":{"line":142,"column":26},"end":{"line":142,"column":70}},"type":"cond-expr","locations":[{"start":{"line":142,"column":39},"end":{"line":142,"column":53}},{"start":{"line":142,"column":56},"end":{"line":142,"column":70}}]},"20":{"loc":{"start":{"line":144,"column":27},"end":{"line":144,"column":96}},"type":"cond-expr","locations":[{"start":{"line":144,"column":40},"end":{"line":144,"column":66}},{"start":{"line":144,"column":69},"end":{"line":144,"column":96}}]},"21":{"loc":{"start":{"line":145,"column":49},"end":{"line":145,"column":73}},"type":"cond-expr","locations":[{"start":{"line":145,"column":62},"end":{"line":145,"column":66}},{"start":{"line":145,"column":69},"end":{"line":145,"column":73}}]},"22":{"loc":{"start":{"line":151,"column":8},"end":{"line":157,"column":9}},"type":"if","locations":[{"start":{"line":151,"column":8},"end":{"line":157,"column":9}}]},"23":{"loc":{"start":{"line":174,"column":29},"end":{"line":174,"column":58}},"type":"cond-expr","locations":[{"start":{"line":174,"column":47},"end":{"line":174,"column":50}},{"start":{"line":174,"column":53},"end":{"line":174,"column":58}}]},"24":{"loc":{"start":{"line":201,"column":23},"end":{"line":201,"column":82}},"type":"cond-expr","locations":[{"start":{"line":201,"column":51},"end":{"line":201,"column":64}},{"start":{"line":201,"column":67},"end":{"line":201,"column":82}}]},"25":{"loc":{"start":{"line":227,"column":16},"end":{"line":247,"column":17}},"type":"switch","locations":[{"start":{"line":228,"column":20},"end":{"line":232,"column":30}},{"start":{"line":234,"column":20},"end":{"line":234,"column":40}},{"start":{"line":235,"column":20},"end":{"line":241,"column":30}},{"start":{"line":243,"column":20},"end":{"line":246,"column":30}}]},"26":{"loc":{"start":{"line":237,"column":24},"end":{"line":240,"column":25}},"type":"if","locations":[{"start":{"line":237,"column":24},"end":{"line":240,"column":25}}]},"27":{"loc":{"start":{"line":237,"column":28},"end":{"line":237,"column":83}},"type":"binary-expr","locations":[{"start":{"line":237,"column":28},"end":{"line":237,"column":41}},{"start":{"line":237,"column":45},"end":{"line":237,"column":83}}]}},"s":{"0":2,"1":2,"2":14,"3":3,"4":3,"5":3,"6":3,"7":2,"8":2,"9":1,"10":1,"11":4,"12":8,"13":4,"14":4,"15":4,"16":4,"17":4,"18":4,"19":3,"20":3,"21":4,"22":4,"23":8,"24":8,"25":8,"26":4,"27":8,"28":1,"29":8,"30":8,"31":56,"32":4,"33":4,"34":8,"35":3,"36":8,"37":1,"38":1,"39":1,"40":1,"41":1,"42":4,"43":6,"44":6,"45":7,"46":3,"47":3,"48":3,"49":3,"50":2,"51":2,"52":3,"53":1,"54":1,"55":6,"56":2},"f":{"0":14,"1":3,"2":4,"3":8,"4":8,"5":1,"6":4,"7":6},"b":{"0":[2,1],"1":[2,1],"2":[1,0],"3":[2,1],"4":[2,1],"5":[1,0],"6":[4,0],"7":[4],"8":[3],"9":[4,4,4],"10":[4,0],"11":[4,1],"12":[4,0],"13":[4],"14":[8,5,4],"15":[1],"16":[8,7,7],"17":[4],"18":[4,1],"19":[4,0],"20":[4,0],"21":[4,0],"22":[3],"23":[0,1],"24":[0,1],"25":[3,3,3,1],"26":[2],"27":[3,3]}}
,"/Users/chenlei/Desktop/ai-股市操盘手 (2)/server/src/services/experienceService.ts": {"path":"/Users/chenlei/Desktop/ai-股市操盘手 (2)/server/src/services/experienceService.ts","statementMap":{"0":{"start":{"line":74,"column":14},"end":{"line":74,"column":28}},"1":{"start":{"line":77,"column":4},"end":{"line":79,"column":5}},"2":{"start":{"line":78,"column":6},"end":{"line":78,"column":34}},"3":{"start":{"line":82,"column":22},"end":{"line":82,"column":93}},"4":{"start":{"line":83,"column":4},"end":{"line":83,"column":21}},"5":{"start":{"line":86,"column":4},"end":{"line":86,"column":71}},"6":{"start":{"line":89,"column":4},"end":{"line":89,"column":41}},"7":{"start":{"line":97,"column":4},"end":{"line":107,"column":5}},"8":{"start":{"line":97,"column":17},"end":{"line":97,"column":46}},"9":{"start":{"line":98,"column":6},"end":{"line":106,"column":7}},"10":{"start":{"line":99,"column":26},"end":{"line":99,"column":51}},"11":{"start":{"line":100,"column":8},"end":{"line":105,"column":10}},"12":{"start":{"line":110,"column":4},"end":{"line":115,"column":6}},"13":{"start":{"line":124,"column":20},"end":{"line":124,"column":45}},"14":{"start":{"line":125,"column":20},"end":{"line":125,"column":45}},"15":{"start":{"line":127,"column":4},"end":{"line":133,"column":6}},"16":{"start":{"line":150,"column":24},"end":{"line":150,"column":82}},"17":{"start":{"line":151,"column":24},"end":{"line":151,"column":56}},"18":{"start":{"line":154,"column":23},"end":{"line":154,"column":55}},"19":{"start":{"line":157,"column":21},"end":{"line":157,"column":71}},"20":{"start":{"line":158,"column":22},"end":{"line":158,"column":55}},"21":{"start":{"line":160,"column":4},"end":{"line":160,"column":61}},"22":{"start":{"line":17,"column":0},"end":{"line":17,"column":13}},"23":{"start":{"line":18,"column":26},"end":{"line":49,"column":4}},"24":{"start":{"line":51,"column":26},"end":{"line":56,"column":4}}},"fnMap":{"0":{"name":"(anonymous_0)","decl":{"start":{"line":66,"column":2},"end":{"line":66,"column":8}},"loc":{"start":{"line":71,"column":50},"end":{"line":90,"column":3}}},"1":{"name":"(anonymous_1)","decl":{"start":{"line":96,"column":2},"end":{"line":96,"column":8}},"loc":{"start":{"line":96,"column":40},"end":{"line":116,"column":3}}},"2":{"name":"(anonymous_2)","decl":{"start":{"line":123,"column":2},"end":{"line":123,"column":8}},"loc":{"start":{"line":123,"column":52},"end":{"line":134,"column":3}}},"3":{"name":"(anonymous_3)","decl":{"start":{"line":143,"column":2},"end":{"line":143,"column":8}},"loc":{"start":{"line":147,"column":21},"end":{"line":161,"column":3}}}},"branchMap":{"0":{"loc":{"start":{"line":70,"column":4},"end":{"line":70,"column":34}},"type":"default-arg","locations":[{"start":{"line":70,"column":31},"end":{"line":70,"column":34}}]},"1":{"loc":{"start":{"line":71,"column":4},"end":{"line":71,"column":50}},"type":"default-arg","locations":[{"start":{"line":71,"column":31},"end":{"line":71,"column":50}}]},"2":{"loc":{"start":{"line":77,"column":4},"end":{"line":79,"column":5}},"type":"if","locations":[{"start":{"line":77,"column":4},"end":{"line":79,"column":5}}]},"3":{"loc":{"start":{"line":98,"column":6},"end":{"line":106,"column":7}},"type":"if","locations":[{"start":{"line":98,"column":6},"end":{"line":106,"column":7}}]},"4":{"loc":{"start":{"line":103,"column":24},"end":{"line":103,"column":100}},"type":"cond-expr","locations":[{"start":{"line":103,"column":36},"end":{"line":103,"column":57}},{"start":{"line":103,"column":60},"end":{"line":103,"column":100}}]}},"s":{"0":2,"1":2,"2":2,"3":2,"4":2,"5":2,"6":2,"7":7,"8":7,"9":206,"10":7,"11":7,"12":0,"13":2,"14":2,"15":2,"16":2,"17":2,"18":2,"19":2,"20":2,"21":2,"22":3,"23":3,"24":3},"f":{"0":2,"1":7,"2":2,"3":2},"b":{"0":[0],"1":[2],"2":[2],"3":[7],"4":[7,0]}}
,"/Users/chenlei/Desktop/ai-股市操盘手 (2)/server/src/types/index.ts": {"path":"/Users/chenlei/Desktop/ai-股市操盘手 (2)/server/src/types/index.ts","statementMap":{"0":{"start":{"line":3,"column":0},"end":{"line":3,"column":null}},"1":{"start":{"line":4,"column":2},"end":{"line":4,"column":null}},"2":{"start":{"line":5,"column":2},"end":{"line":5,"column":null}},"3":{"start":{"line":6,"column":2},"end":{"line":6,"column":null}},"4":{"start":{"line":7,"column":2},"end":{"line":7,"column":null}},"5":{"start":{"line":8,"column":2},"end":{"line":8,"column":null}},"6":{"start":{"line":9,"column":2},"end":{"line":9,"column":null}},"7":{"start":{"line":10,"column":2},"end":{"line":10,"column":null}},"8":{"start":{"line":11,"column":2},"end":{"line":11,"column":null}},"9":{"start":{"line":12,"column":2},"end":{"line":12,"column":null}},"10":{"start":{"line":13,"column":2},"end":{"line":13,"column":null}},"11":{"start":{"line":14,"column":2},"end":{"line":14,"column":null}}},"fnMap":{"0":{"name":"(anonymous_0)","decl":{"start":{"line":3,"column":0},"end":{"line":3,"column":12}},"loc":{"start":{"line":3,"column":18},"end":{"line":15,"column":1}}}},"branchMap":{"0":{"loc":{"start":{"line":3,"column":12},"end":{"line":3,"column":null}},"type":"binary-expr","locations":[{"start":{"line":3,"column":12},"end":{"line":3,"column":18}},{"start":{"line":3,"column":18},"end":{"line":3,"column":null}}]}},"s":{"0":2,"1":2,"2":2,"3":2,"4":2,"5":2,"6":2,"7":2,"8":2,"9":2,"10":2,"11":2},"f":{"0":2},"b":{"0":[2,2]}}
,"/Users/chenlei/Desktop/ai-股市操盘手 (2)/server/src/utils/db.ts": {"path":"/Users/chenlei/Desktop/ai-股市操盘手 (2)/server/src/utils/db.ts","statementMap":{"0":{"start":{"line":1,"column":0},"end":{"line":1,"column":46}},"1":{"start":{"line":4,"column":24},"end":{"line":16,"column":1}},"2":{"start":{"line":5,"column":2},"end":{"line":13,"column":3}},"3":{"start":{"line":6,"column":4},"end":{"line":12,"column":7}},"4":{"start":{"line":15,"column":2},"end":{"line":15,"column":28}},"5":{"start":{"line":18,"column":15},"end":{"line":18,"column":32}},"6":{"start":{"line":20,"column":0},"end":{"line":20,"column":22}}},"fnMap":{"0":{"name":"(anonymous_0)","decl":{"start":{"line":4,"column":24},"end":{"line":4,"column":27}},"loc":{"start":{"line":4,"column":29},"end":{"line":16,"column":1}}}},"branchMap":{"0":{"loc":{"start":{"line":5,"column":2},"end":{"line":13,"column":3}},"type":"if","locations":[{"start":{"line":5,"column":2},"end":{"line":13,"column":3}}]}},"s":{"0":5,"1":5,"2":5,"3":5,"4":0,"5":5,"6":5},"f":{"0":5},"b":{"0":[5]}}
}
