TN:
SF:src/controllers/adminController.ts
FN:13,(anonymous_1)
FNF:1
FNH:1
FNDA:7,(anonymous_1)
DA:2,2
DA:3,2
DA:4,2
DA:6,2
DA:13,2
DA:14,7
DA:15,7
DA:17,6
DA:21,5
DA:22,1
DA:25,4
DA:26,2
DA:30,2
DA:31,1
DA:35,3
DA:37,3
DA:48,3
DA:57,2
DA:58,1
DA:60,1
DA:61,1
LF:21
LH:21
BRDA:21,0,0,1
BRDA:25,1,0,2
BRDA:30,2,0,1
BRDA:43,3,0,3
BRDA:43,3,1,1
BRDA:57,4,0,1
BRF:6
BRH:6
end_of_record
TN:
SF:src/controllers/aiController.ts
FN:21,(anonymous_0)
FN:25,(anonymous_1)
FN:96,(anonymous_2)
FN:106,(anonymous_3)
FN:153,(anonymous_4)
FNF:5
FNH:5
FNDA:1,(anonymous_0)
FNDA:7,(anonymous_1)
FNDA:5,(anonymous_2)
FNDA:4,(anonymous_3)
FNDA:6,(anonymous_4)
DA:2,3
DA:3,3
DA:6,3
DA:11,3
DA:21,1
DA:25,3
DA:26,7
DA:27,7
DA:28,2
DA:29,2
DA:31,2
DA:49,2
DA:67,2
DA:69,1
DA:71,1
DA:74,1
DA:75,1
DA:78,0
DA:91,1
DA:93,6
DA:94,5
DA:96,5
DA:102,1
DA:106,3
DA:107,4
DA:108,4
DA:109,1
DA:110,1
DA:112,1
DA:123,1
DA:129,1
DA:131,1
DA:132,1
DA:135,1
DA:136,1
DA:138,0
DA:139,0
DA:148,1
DA:150,3
DA:151,3
DA:153,6
DA:159,0
DA:160,0
LF:43
LH:38
BRDA:51,0,0,2
BRDA:51,0,1,0
BRDA:52,1,0,2
BRDA:52,1,1,0
BRDA:93,2,0,5
BRDA:150,3,0,3
BRF:6
BRH:4
end_of_record
TN:
SF:src/controllers/authController.ts
FN:30,(anonymous_1)
FN:69,(anonymous_2)
FN:109,(anonymous_3)
FN:192,(anonymous_4)
FNF:4
FNH:4
FNDA:5,(anonymous_1)
FNDA:3,(anonymous_2)
FNDA:25,(anonymous_3)
FNDA:25,(anonymous_4)
DA:2,6
DA:3,6
DA:4,6
DA:5,6
DA:7,6
DA:15,6
DA:20,6
DA:24,6
DA:30,6
DA:31,5
DA:32,5
DA:34,5
DA:39,5
DA:41,2
DA:45,3
DA:46,3
DA:48,3
DA:57,3
DA:59,3
DA:61,0
DA:62,0
DA:64,0
DA:65,0
DA:69,6
DA:70,3
DA:71,3
DA:73,3
DA:84,3
DA:85,1
DA:88,2
DA:90,2
DA:99,2
DA:101,0
DA:102,0
DA:104,0
DA:105,0
DA:109,6
DA:110,25
DA:111,25
DA:114,12
DA:118,12
DA:119,3
DA:123,9
DA:127,9
DA:128,1
DA:131,8
DA:132,4
DA:136,4
DA:137,0
DA:141,8
DA:145,8
DA:147,8
DA:162,8
DA:168,8
DA:184,13
DA:185,13
DA:187,0
DA:188,0
DA:192,6
DA:193,25
DA:194,25
DA:196,24
DA:200,24
DA:201,17
DA:202,17
DA:205,7
DA:207,7
DA:208,3
DA:209,3
DA:212,4
DA:218,4
DA:234,1
DA:235,1
DA:237,0
DA:238,0
LF:75
LH:62
BRDA:39,0,0,2
BRDA:61,1,0,0
BRDA:84,2,0,1
BRDA:101,3,0,0
BRDA:118,4,0,3
BRDA:127,5,0,1
BRDA:131,6,0,4
BRDA:136,7,0,0
BRDA:164,8,0,8
BRDA:164,8,1,0
BRDA:184,9,0,13
BRDA:200,10,0,17
BRDA:207,11,0,3
BRDA:214,12,0,4
BRDA:214,12,1,0
BRDA:234,13,0,1
BRF:16
BRH:11
end_of_record
TN:
SF:src/controllers/eventController.ts
FN:9,(anonymous_0)
FN:43,(anonymous_1)
FN:72,(anonymous_2)
FNF:3
FNH:0
FNDA:0,(anonymous_0)
FNDA:0,(anonymous_1)
FNDA:0,(anonymous_2)
DA:2,1
DA:4,1
DA:9,1
DA:10,0
DA:11,0
DA:14,0
DA:15,0
DA:21,0
DA:27,0
DA:32,0
DA:33,0
DA:43,1
DA:44,0
DA:45,0
DA:47,0
DA:48,0
DA:54,0
DA:56,0
DA:61,0
DA:62,0
DA:72,1
DA:73,0
DA:74,0
DA:122,0
DA:127,0
DA:128,0
LF:26
LH:5
BRDA:14,0,0,0
BRDA:14,1,0,0
BRDA:14,1,1,0
BRDA:14,1,2,0
BRDA:47,2,0,0
BRDA:47,3,0,0
BRDA:47,3,1,0
BRF:7
BRH:0
end_of_record
TN:
SF:src/controllers/gameController.ts
FN:23,(anonymous_1)
FN:117,(anonymous_2)
FN:159,(anonymous_3)
FN:200,(anonymous_4)
FNF:4
FNH:4
FNDA:6,(anonymous_1)
FNDA:7,(anonymous_2)
FNDA:2,(anonymous_3)
FNDA:9,(anonymous_4)
DA:5,3
DA:6,3
DA:23,3
DA:24,6
DA:25,6
DA:28,6
DA:29,4
DA:33,2
DA:37,2
DA:38,0
DA:42,2
DA:50,2
DA:58,2
DA:61,2
DA:64,2
DA:75,2
DA:88,2
DA:109,0
DA:110,0
DA:117,3
DA:118,7
DA:119,7
DA:122,7
DA:126,7
DA:127,1
DA:130,6
DA:145,6
DA:151,0
DA:152,0
DA:159,3
DA:160,2
DA:161,2
DA:163,2
DA:176,2
DA:177,1
DA:180,1
DA:182,1
DA:192,0
DA:193,0
DA:200,3
DA:201,9
DA:202,9
DA:206,9
DA:208,1
DA:209,1
DA:211,0
DA:212,0
DA:214,0
DA:215,0
DA:218,8
DA:222,8
DA:225,9
DA:244,9
DA:250,0
DA:251,0
LF:55
LH:42
BRDA:28,0,0,4
BRDA:28,1,0,6
BRDA:28,1,1,6
BRDA:28,1,2,5
BRDA:28,1,3,5
BRDA:28,1,4,2
BRDA:28,1,5,2
BRDA:37,2,0,0
BRDA:79,3,0,2
BRDA:79,3,1,0
BRDA:80,4,0,1
BRDA:80,4,1,1
BRDA:126,5,0,1
BRDA:176,6,0,1
BRDA:202,7,0,4
BRDA:202,8,0,6
BRDA:206,9,0,1
BRDA:206,9,1,0
BRDA:206,9,2,0
BRDA:206,9,3,5
BRDA:206,9,4,8
BRF:21
BRH:17
end_of_record
TN:
SF:src/game/gameManager.ts
FN:7,(anonymous_0)
FN:11,(anonymous_1)
FN:25,(anonymous_2)
FNF:3
FNH:3
FNDA:10,(anonymous_0)
FNDA:6,(anonymous_1)
FNDA:10,(anonymous_2)
DA:5,1
DA:7,1
DA:8,10
DA:9,10
DA:12,6
DA:13,6
DA:22,6
DA:26,10
DA:32,1
LF:9
LH:9
BRF:0
BRH:0
end_of_record
TN:
SF:src/game/itemSystem.ts
FN:4,(anonymous_0)
FN:48,(anonymous_1)
FNF:2
FNH:2
FNDA:1,(anonymous_0)
FNDA:5,(anonymous_1)
DA:4,1
DA:5,1
DA:6,1
DA:7,1
DA:8,1
DA:20,1
DA:47,1
DA:54,5
LF:8
LH:8
BRDA:4,0,0,1
BRDA:4,0,1,1
BRF:2
BRH:2
end_of_record
TN:
SF:src/middleware/adminMiddleware.ts
FN:4,(anonymous_0)
FNF:1
FNH:0
FNDA:0,(anonymous_0)
DA:4,1
DA:5,0
DA:6,0
DA:8,0
LF:4
LH:1
BRDA:5,0,0,0
BRDA:5,1,0,0
BRDA:5,1,1,0
BRF:3
BRH:0
end_of_record
TN:
SF:src/middleware/authMiddleware.ts
FN:12,(anonymous_1)
FNF:1
FNH:1
FNDA:28,(anonymous_1)
DA:2,4
DA:12,4
DA:13,28
DA:14,28
DA:16,28
DA:17,3
DA:20,25
DA:21,25
DA:22,22
DA:23,22
DA:25,3
LF:11
LH:11
BRDA:14,0,0,28
BRDA:14,0,1,25
BRDA:16,1,0,3
BRDA:21,2,0,25
BRDA:21,2,1,0
BRF:5
BRH:4
end_of_record
TN:
SF:src/routes/adminRoutes.ts
FNF:0
FNH:0
DA:1,1
DA:2,1
DA:3,1
DA:4,1
DA:6,1
DA:9,1
DA:11,1
DA:13,1
LF:8
LH:8
BRF:0
BRH:0
end_of_record
TN:
SF:src/routes/aiRoutes.ts
FNF:0
FNH:0
DA:1,3
DA:2,3
DA:3,3
DA:5,3
DA:8,3
DA:9,3
DA:11,3
LF:7
LH:7
BRF:0
BRH:0
end_of_record
TN:
SF:src/routes/authRoutes.ts
FNF:0
FNH:0
DA:1,5
DA:2,5
DA:4,5
DA:6,5
DA:7,5
DA:8,5
DA:9,5
DA:11,5
LF:8
LH:8
BRF:0
BRH:0
end_of_record
TN:
SF:src/routes/eventRoutes.ts
FNF:0
FNH:0
DA:1,1
DA:2,1
DA:8,1
DA:11,1
DA:14,1
DA:17,1
DA:19,1
LF:7
LH:7
BRF:0
BRH:0
end_of_record
TN:
SF:src/routes/gameRoutes.ts
FNF:0
FNH:0
DA:2,3
DA:3,3
DA:4,3
DA:6,3
DA:9,3
DA:12,3
DA:15,3
DA:18,3
DA:20,3
LF:9
LH:9
BRF:0
BRH:0
end_of_record
TN:
SF:src/services/aiService.ts
FN:31,(anonymous_1)
FN:38,(anonymous_2)
FN:82,(anonymous_3)
FN:88,(anonymous_4)
FN:137,(anonymous_5)
FN:162,(anonymous_6)
FNF:6
FNH:6
FNDA:4,(anonymous_1)
FNDA:3,(anonymous_2)
FNDA:3,(anonymous_3)
FNDA:2,(anonymous_4)
FNDA:1,(anonymous_5)
FNDA:4,(anonymous_6)
DA:1,3
DA:2,3
DA:4,3
DA:19,3
DA:26,3
DA:32,4
DA:33,4
DA:34,4
DA:35,4
DA:39,3
DA:40,1
DA:43,2
DA:44,2
DA:63,1
DA:70,1
DA:78,3
DA:83,3
DA:84,3
DA:85,3
DA:89,2
DA:90,1
DA:93,1
DA:94,1
DA:116,1
DA:117,1
DA:124,0
DA:127,0
DA:128,0
DA:136,3
DA:139,1
DA:141,1
DA:142,0
DA:146,1
DA:147,0
DA:152,1
DA:162,3
DA:164,4
DA:165,4
DA:168,0
DA:169,0
DA:170,0
DA:172,0
LF:42
LH:33
BRDA:33,0,0,4
BRDA:33,0,1,1
BRDA:34,1,0,4
BRDA:34,1,1,4
BRDA:35,2,0,4
BRDA:35,2,1,4
BRDA:38,3,0,3
BRDA:39,4,0,1
BRDA:84,5,0,3
BRDA:84,5,1,1
BRDA:85,6,0,3
BRDA:85,6,1,3
BRDA:88,7,0,2
BRDA:89,8,0,1
BRDA:116,9,0,1
BRDA:116,9,1,0
BRDA:116,10,0,1
BRDA:116,10,1,1
BRDA:120,11,0,1
BRDA:120,11,1,0
BRDA:127,12,0,0
BRDA:127,12,1,0
BRDA:137,13,0,1
BRDA:139,14,0,1
BRDA:141,15,0,0
BRDA:146,16,0,0
BRDA:164,17,0,4
BRDA:164,18,0,4
BRDA:164,18,1,0
BRDA:168,19,0,0
BRDA:168,19,1,0
BRDA:169,20,0,0
BRF:32
BRH:22
end_of_record
TN:
SF:src/services/eventService.ts
FN:11,(anonymous_0)
FN:18,(anonymous_1)
FN:64,(anonymous_2)
FN:71,(anonymous_3)
FN:102,(anonymous_4)
FN:165,(anonymous_5)
FN:222,(anonymous_6)
FN:223,(anonymous_7)
FNF:8
FNH:8
FNDA:14,(anonymous_0)
FNDA:3,(anonymous_1)
FNDA:4,(anonymous_2)
FNDA:8,(anonymous_3)
FNDA:8,(anonymous_4)
FNDA:1,(anonymous_5)
FNDA:4,(anonymous_6)
FNDA:6,(anonymous_7)
DA:1,2
DA:2,2
DA:8,2
DA:12,14
DA:23,3
DA:41,3
DA:48,3
DA:49,3
DA:50,2
DA:53,2
DA:55,1
DA:57,1
DA:71,8
DA:73,4
DA:74,4
DA:75,4
DA:78,4
DA:79,4
DA:80,4
DA:81,3
DA:82,3
DA:87,4
DA:89,4
DA:107,8
DA:108,8
DA:111,8
DA:112,4
DA:119,8
DA:120,1
DA:128,8
DA:138,8
DA:139,56
DA:140,4
DA:141,4
DA:151,8
DA:152,3
DA:159,8
DA:169,1
DA:185,1
DA:201,1
DA:202,1
DA:204,1
DA:223,4
DA:224,6
DA:226,6
DA:227,7
DA:230,3
DA:231,3
DA:232,3
DA:237,3
DA:238,2
DA:239,2
DA:241,3
DA:245,1
DA:246,1
DA:250,6
LF:56
LH:56
BRDA:28,0,0,2
BRDA:28,0,1,1
BRDA:28,1,0,2
BRDA:28,1,1,1
BRDA:28,2,0,1
BRDA:28,2,1,0
BRDA:42,3,0,2
BRDA:42,3,1,1
BRDA:43,4,0,2
BRDA:43,4,1,1
BRDA:43,5,0,1
BRDA:43,5,1,0
BRDA:75,6,0,4
BRDA:75,6,1,0
BRDA:78,7,0,4
BRDA:80,8,0,3
BRDA:80,9,0,4
BRDA:80,9,1,4
BRDA:80,9,2,4
BRDA:91,10,0,4
BRDA:91,10,1,0
BRDA:92,11,0,4
BRDA:92,11,1,1
BRDA:94,12,0,4
BRDA:94,12,1,0
BRDA:111,13,0,4
BRDA:111,14,0,8
BRDA:111,14,1,5
BRDA:111,14,2,4
BRDA:119,15,0,1
BRDA:119,16,0,8
BRDA:119,16,1,7
BRDA:119,16,2,7
BRDA:139,17,0,4
BRDA:140,18,0,4
BRDA:140,18,1,1
BRDA:142,19,0,4
BRDA:142,19,1,0
BRDA:144,20,0,4
BRDA:144,20,1,0
BRDA:145,21,0,4
BRDA:145,21,1,0
BRDA:151,22,0,3
BRDA:174,23,0,0
BRDA:174,23,1,1
BRDA:201,24,0,0
BRDA:201,24,1,1
BRDA:227,25,0,3
BRDA:227,25,1,3
BRDA:227,25,2,3
BRDA:227,25,3,1
BRDA:237,26,0,2
BRDA:237,27,0,3
BRDA:237,27,1,3
BRF:54
BRH:44
end_of_record
TN:
SF:src/services/experienceService.ts
FN:66,(anonymous_0)
FN:96,(anonymous_1)
FN:123,(anonymous_2)
FN:143,(anonymous_3)
FNF:4
FNH:4
FNDA:2,(anonymous_0)
FNDA:7,(anonymous_1)
FNDA:2,(anonymous_2)
FNDA:2,(anonymous_3)
DA:17,3
DA:18,3
DA:51,3
DA:74,2
DA:77,2
DA:78,2
DA:82,2
DA:83,2
DA:86,2
DA:89,2
DA:97,7
DA:98,206
DA:99,7
DA:100,7
DA:110,0
DA:124,2
DA:125,2
DA:127,2
DA:150,2
DA:151,2
DA:154,2
DA:157,2
DA:158,2
DA:160,2
LF:24
LH:23
BRDA:70,0,0,0
BRDA:71,1,0,2
BRDA:77,2,0,2
BRDA:98,3,0,7
BRDA:103,4,0,7
BRDA:103,4,1,0
BRF:6
BRH:4
end_of_record
TN:
SF:src/types/index.ts
FN:3,(anonymous_0)
FNF:1
FNH:1
FNDA:2,(anonymous_0)
DA:3,2
DA:4,2
DA:5,2
DA:6,2
DA:7,2
DA:8,2
DA:9,2
DA:10,2
DA:11,2
DA:12,2
DA:13,2
DA:14,2
LF:12
LH:12
BRDA:3,0,0,2
BRDA:3,0,1,2
BRF:2
BRH:2
end_of_record
TN:
SF:src/utils/db.ts
FN:4,(anonymous_0)
FNF:1
FNH:1
FNDA:5,(anonymous_0)
DA:1,5
DA:4,5
DA:5,5
DA:6,5
DA:15,0
DA:18,5
DA:20,5
LF:7
LH:6
BRDA:5,0,0,5
BRF:1
BRH:1
end_of_record
